2024-03-11 17:33:49.007 [http-nio-8080-exec-1] INFO 
				jdbc.resultsettable - 
|-------------------------------------------------------------|----------|
|passwd                                                       |active_yn |
|-------------------------------------------------------------|----------|
|$2a$10$y0rOc6AeLnzgoWcUV0L/p.tbw..FlkwTig8Yzm6CEFUxXHcBCJW9i |y         |
|-------------------------------------------------------------|----------|

2024-03-11 17:33:49.101 [http-nio-8080-exec-1] INFO 
				jdbc.resultsettable - 
|-------------------------------------------------------------|----------|
|passwd                                                       |active_yn |
|-------------------------------------------------------------|----------|
|$2a$10$y0rOc6AeLnzgoWcUV0L/p.tbw..FlkwTig8Yzm6CEFUxXHcBCJW9i |y         |
|-------------------------------------------------------------|----------|

2024-03-11 17:33:52.402 [http-nio-8080-exec-5] INFO 
				jdbc.resultsettable - 
|----------|-------------------------------------------------------------|----------------------|-----------------------------------------|----------|----|-----------|------------|----------|--------------------|------------|--------|-------------|--------------|---------------|------------|----------|------------|-----------|
|member_id |passwd                                                       |profile_original_name |profile_uuid                             |member_nm |sex |birth_at   |hp          |smssts_yn |email               |emailsts_yn |zipcode |road_address |jibun_address |namuji_address |etc         |active_yn |inactive_at |join_at    |
|----------|-------------------------------------------------------------|----------------------|-----------------------------------------|----------|----|-----------|------------|----------|--------------------|------------|--------|-------------|--------------|---------------|------------|----------|------------|-----------|
|tkdgml    |$2a$10$y0rOc6AeLnzgoWcUV0L/p.tbw..FlkwTig8Yzm6CEFUxXHcBCJW9i |test8.jpg             |ed7ad617-862c-46bc-9f8f-8fbe2ea86c30.jpg |랑히        |w   |2024-03-05 |01012345678 |y         |fulfilnam@naver.com |y           |14346   |1            |1             |1              |<p>12</p>
 |y         |null        |2024-03-06 |
|----------|-------------------------------------------------------------|----------------------|-----------------------------------------|----------|----|-----------|------------|----------|--------------------|------------|--------|-------------|--------------|---------------|------------|----------|------------|-----------|

2024-03-11 17:39:10.647 [http-nio-8080-exec-1] INFO 
				jdbc.resultsettable - 
|----------|-------------------------------------------------------------|----------------------|-----------------------------------------|----------|----|-----------|------------|----------|--------------------|------------|--------|-------------|--------------|---------------|------------|----------|------------|-----------|
|member_id |passwd                                                       |profile_original_name |profile_uuid                             |member_nm |sex |birth_at   |hp          |smssts_yn |email               |emailsts_yn |zipcode |road_address |jibun_address |namuji_address |etc         |active_yn |inactive_at |join_at    |
|----------|-------------------------------------------------------------|----------------------|-----------------------------------------|----------|----|-----------|------------|----------|--------------------|------------|--------|-------------|--------------|---------------|------------|----------|------------|-----------|
|tkdgml    |$2a$10$y0rOc6AeLnzgoWcUV0L/p.tbw..FlkwTig8Yzm6CEFUxXHcBCJW9i |test8.jpg             |ed7ad617-862c-46bc-9f8f-8fbe2ea86c30.jpg |랑히        |w   |2024-03-05 |01012345678 |y         |fulfilnam@naver.com |y           |14346   |1            |1             |1              |<p>12</p>
 |y         |null        |2024-03-06 |
|----------|-------------------------------------------------------------|----------------------|-----------------------------------------|----------|----|-----------|------------|----------|--------------------|------------|--------|-------------|--------------|---------------|------------|----------|------------|-----------|

2024-03-11 17:39:12.069 [http-nio-8080-exec-7] INFO 
				jdbc.resultsettable - 
|----------|-------------------------------------------------------------|----------------------|-----------------------------------------|----------|----|-----------|------------|----------|--------------------|------------|--------|-------------|--------------|---------------|------------|----------|------------|-----------|
|member_id |passwd                                                       |profile_original_name |profile_uuid                             |member_nm |sex |birth_at   |hp          |smssts_yn |email               |emailsts_yn |zipcode |road_address |jibun_address |namuji_address |etc         |active_yn |inactive_at |join_at    |
|----------|-------------------------------------------------------------|----------------------|-----------------------------------------|----------|----|-----------|------------|----------|--------------------|------------|--------|-------------|--------------|---------------|------------|----------|------------|-----------|
|tkdgml    |$2a$10$y0rOc6AeLnzgoWcUV0L/p.tbw..FlkwTig8Yzm6CEFUxXHcBCJW9i |test8.jpg             |ed7ad617-862c-46bc-9f8f-8fbe2ea86c30.jpg |랑히        |w   |2024-03-05 |01012345678 |y         |fulfilnam@naver.com |y           |14346   |1            |1             |1              |<p>12</p>
 |y         |null        |2024-03-06 |
|----------|-------------------------------------------------------------|----------------------|-----------------------------------------|----------|----|-----------|------------|----------|--------------------|------------|--------|-------------|--------------|---------------|------------|----------|------------|-----------|

2024-03-11 17:39:15.462 [http-nio-8080-exec-1] INFO 
				jdbc.resultsettable - 
|----------|-------------------------------------------------------------|----------------------|-----------------------------------------|----------|----|-----------|------------|----------|--------------------|------------|--------|-------------|--------------|---------------|------------|----------|------------|-----------|
|member_id |passwd                                                       |profile_original_name |profile_uuid                             |member_nm |sex |birth_at   |hp          |smssts_yn |email               |emailsts_yn |zipcode |road_address |jibun_address |namuji_address |etc         |active_yn |inactive_at |join_at    |
|----------|-------------------------------------------------------------|----------------------|-----------------------------------------|----------|----|-----------|------------|----------|--------------------|------------|--------|-------------|--------------|---------------|------------|----------|------------|-----------|
|tkdgml    |$2a$10$y0rOc6AeLnzgoWcUV0L/p.tbw..FlkwTig8Yzm6CEFUxXHcBCJW9i |test8.jpg             |ed7ad617-862c-46bc-9f8f-8fbe2ea86c30.jpg |랑히        |w   |2024-03-05 |01012345678 |y         |fulfilnam@naver.com |y           |14346   |1            |1             |1              |<p>12</p>
 |y         |null        |2024-03-06 |
|----------|-------------------------------------------------------------|----------------------|-----------------------------------------|----------|----|-----------|------------|----------|--------------------|------------|--------|-------------|--------------|---------------|------------|----------|------------|-----------|

2024-03-11 17:40:52.873 [http-nio-8080-exec-1] INFO 
				jdbc.resultsettable - 
|----------|-------------------------------------------------------------|----------------------|-----------------------------------------|----------|----|-----------|------------|----------|--------------------|------------|--------|-------------|--------------|---------------|------------|----------|------------|-----------|
|member_id |passwd                                                       |profile_original_name |profile_uuid                             |member_nm |sex |birth_at   |hp          |smssts_yn |email               |emailsts_yn |zipcode |road_address |jibun_address |namuji_address |etc         |active_yn |inactive_at |join_at    |
|----------|-------------------------------------------------------------|----------------------|-----------------------------------------|----------|----|-----------|------------|----------|--------------------|------------|--------|-------------|--------------|---------------|------------|----------|------------|-----------|
|tkdgml    |$2a$10$y0rOc6AeLnzgoWcUV0L/p.tbw..FlkwTig8Yzm6CEFUxXHcBCJW9i |test8.jpg             |ed7ad617-862c-46bc-9f8f-8fbe2ea86c30.jpg |랑히        |w   |2024-03-05 |01012345678 |y         |fulfilnam@naver.com |y           |14346   |1            |1             |1              |<p>12</p>
 |y         |null        |2024-03-06 |
|----------|-------------------------------------------------------------|----------------------|-----------------------------------------|----------|----|-----------|------------|----------|--------------------|------------|--------|-------------|--------------|---------------|------------|----------|------------|-----------|

2024-03-11 17:41:42.139 [http-nio-8080-exec-1] INFO 
				jdbc.resultsettable - 
|----------|-------------------------------------------------------------|----------------------|-----------------------------------------|----------|----|-----------|------------|----------|--------------------|------------|--------|-------------|--------------|---------------|------------|----------|------------|-----------|
|member_id |passwd                                                       |profile_original_name |profile_uuid                             |member_nm |sex |birth_at   |hp          |smssts_yn |email               |emailsts_yn |zipcode |road_address |jibun_address |namuji_address |etc         |active_yn |inactive_at |join_at    |
|----------|-------------------------------------------------------------|----------------------|-----------------------------------------|----------|----|-----------|------------|----------|--------------------|------------|--------|-------------|--------------|---------------|------------|----------|------------|-----------|
|tkdgml    |$2a$10$y0rOc6AeLnzgoWcUV0L/p.tbw..FlkwTig8Yzm6CEFUxXHcBCJW9i |test8.jpg             |ed7ad617-862c-46bc-9f8f-8fbe2ea86c30.jpg |랑히        |w   |2024-03-05 |01012345678 |y         |fulfilnam@naver.com |y           |14346   |1            |1             |1              |<p>12</p>
 |y         |null        |2024-03-06 |
|----------|-------------------------------------------------------------|----------------------|-----------------------------------------|----------|----|-----------|------------|----------|--------------------|------------|--------|-------------|--------------|---------------|------------|----------|------------|-----------|

2024-03-11 17:43:21.338 [http-nio-8080-exec-2] INFO 
				jdbc.resultsettable - 
|----------|-------------------------------------------------------------|----------------------|-----------------------------------------|----------|----|-----------|------------|----------|--------------------|------------|--------|-------------|--------------|---------------|------------|----------|------------|-----------|
|member_id |passwd                                                       |profile_original_name |profile_uuid                             |member_nm |sex |birth_at   |hp          |smssts_yn |email               |emailsts_yn |zipcode |road_address |jibun_address |namuji_address |etc         |active_yn |inactive_at |join_at    |
|----------|-------------------------------------------------------------|----------------------|-----------------------------------------|----------|----|-----------|------------|----------|--------------------|------------|--------|-------------|--------------|---------------|------------|----------|------------|-----------|
|tkdgml    |$2a$10$y0rOc6AeLnzgoWcUV0L/p.tbw..FlkwTig8Yzm6CEFUxXHcBCJW9i |test8.jpg             |ed7ad617-862c-46bc-9f8f-8fbe2ea86c30.jpg |랑히        |w   |2024-03-05 |01012345678 |y         |fulfilnam@naver.com |y           |14346   |1            |1             |1              |<p>12</p>
 |y         |null        |2024-03-06 |
|----------|-------------------------------------------------------------|----------------------|-----------------------------------------|----------|----|-----------|------------|----------|--------------------|------------|--------|-------------|--------------|---------------|------------|----------|------------|-----------|

2024-03-11 17:43:22.772 [http-nio-8080-exec-9] INFO 
				jdbc.resultsettable - 
|----------|-------------------------------------------------------------|----------------------|-----------------------------------------|----------|----|-----------|------------|----------|--------------------|------------|--------|-------------|--------------|---------------|------------|----------|------------|-----------|
|member_id |passwd                                                       |profile_original_name |profile_uuid                             |member_nm |sex |birth_at   |hp          |smssts_yn |email               |emailsts_yn |zipcode |road_address |jibun_address |namuji_address |etc         |active_yn |inactive_at |join_at    |
|----------|-------------------------------------------------------------|----------------------|-----------------------------------------|----------|----|-----------|------------|----------|--------------------|------------|--------|-------------|--------------|---------------|------------|----------|------------|-----------|
|tkdgml    |$2a$10$y0rOc6AeLnzgoWcUV0L/p.tbw..FlkwTig8Yzm6CEFUxXHcBCJW9i |test8.jpg             |ed7ad617-862c-46bc-9f8f-8fbe2ea86c30.jpg |랑히        |w   |2024-03-05 |01012345678 |y         |fulfilnam@naver.com |y           |14346   |1            |1             |1              |<p>12</p>
 |y         |null        |2024-03-06 |
|----------|-------------------------------------------------------------|----------------------|-----------------------------------------|----------|----|-----------|------------|----------|--------------------|------------|--------|-------------|--------------|---------------|------------|----------|------------|-----------|

2024-03-11 17:43:22.916 [http-nio-8080-exec-7] INFO 
				jdbc.resultsettable - 
|----------|-------------------------------------------------------------|----------------------|-----------------------------------------|----------|----|-----------|------------|----------|--------------------|------------|--------|-------------|--------------|---------------|------------|----------|------------|-----------|
|member_id |passwd                                                       |profile_original_name |profile_uuid                             |member_nm |sex |birth_at   |hp          |smssts_yn |email               |emailsts_yn |zipcode |road_address |jibun_address |namuji_address |etc         |active_yn |inactive_at |join_at    |
|----------|-------------------------------------------------------------|----------------------|-----------------------------------------|----------|----|-----------|------------|----------|--------------------|------------|--------|-------------|--------------|---------------|------------|----------|------------|-----------|
|tkdgml    |$2a$10$y0rOc6AeLnzgoWcUV0L/p.tbw..FlkwTig8Yzm6CEFUxXHcBCJW9i |test8.jpg             |ed7ad617-862c-46bc-9f8f-8fbe2ea86c30.jpg |랑히        |w   |2024-03-05 |01012345678 |y         |fulfilnam@naver.com |y           |14346   |1            |1             |1              |<p>12</p>
 |y         |null        |2024-03-06 |
|----------|-------------------------------------------------------------|----------------------|-----------------------------------------|----------|----|-----------|------------|----------|--------------------|------------|--------|-------------|--------------|---------------|------------|----------|------------|-----------|

2024-03-11 17:46:04.959 [http-nio-8080-exec-2] INFO 
				jdbc.resultsettable - 
|----------|-------------------------------------------------------------|----------------------|-----------------------------------------|----------|----|-----------|------------|----------|--------------------|------------|--------|-------------|--------------|---------------|------------|----------|------------|-----------|
|member_id |passwd                                                       |profile_original_name |profile_uuid                             |member_nm |sex |birth_at   |hp          |smssts_yn |email               |emailsts_yn |zipcode |road_address |jibun_address |namuji_address |etc         |active_yn |inactive_at |join_at    |
|----------|-------------------------------------------------------------|----------------------|-----------------------------------------|----------|----|-----------|------------|----------|--------------------|------------|--------|-------------|--------------|---------------|------------|----------|------------|-----------|
|tkdgml    |$2a$10$y0rOc6AeLnzgoWcUV0L/p.tbw..FlkwTig8Yzm6CEFUxXHcBCJW9i |test8.jpg             |ed7ad617-862c-46bc-9f8f-8fbe2ea86c30.jpg |랑히        |w   |2024-03-05 |01012345678 |y         |fulfilnam@naver.com |y           |14346   |1            |1             |1              |<p>12</p>
 |y         |null        |2024-03-06 |
|----------|-------------------------------------------------------------|----------------------|-----------------------------------------|----------|----|-----------|------------|----------|--------------------|------------|--------|-------------|--------------|---------------|------------|----------|------------|-----------|

2024-03-11 17:46:05.987 [http-nio-8080-exec-5] INFO 
				jdbc.resultsettable - 
|----------|-------------------------------------------------------------|----------------------|-----------------------------------------|----------|----|-----------|------------|----------|--------------------|------------|--------|-------------|--------------|---------------|------------|----------|------------|-----------|
|member_id |passwd                                                       |profile_original_name |profile_uuid                             |member_nm |sex |birth_at   |hp          |smssts_yn |email               |emailsts_yn |zipcode |road_address |jibun_address |namuji_address |etc         |active_yn |inactive_at |join_at    |
|----------|-------------------------------------------------------------|----------------------|-----------------------------------------|----------|----|-----------|------------|----------|--------------------|------------|--------|-------------|--------------|---------------|------------|----------|------------|-----------|
|tkdgml    |$2a$10$y0rOc6AeLnzgoWcUV0L/p.tbw..FlkwTig8Yzm6CEFUxXHcBCJW9i |test8.jpg             |ed7ad617-862c-46bc-9f8f-8fbe2ea86c30.jpg |랑히        |w   |2024-03-05 |01012345678 |y         |fulfilnam@naver.com |y           |14346   |1            |1             |1              |<p>12</p>
 |y         |null        |2024-03-06 |
|----------|-------------------------------------------------------------|----------------------|-----------------------------------------|----------|----|-----------|------------|----------|--------------------|------------|--------|-------------|--------------|---------------|------------|----------|------------|-----------|

2024-03-11 17:46:16.237 [http-nio-8080-exec-1] INFO 
				jdbc.resultsettable - 
|----------|-------------------------------------------------------------|----------------------|-----------------------------------------|----------|----|-----------|------------|----------|--------------------|------------|--------|-------------|--------------|---------------|------------|----------|------------|-----------|
|member_id |passwd                                                       |profile_original_name |profile_uuid                             |member_nm |sex |birth_at   |hp          |smssts_yn |email               |emailsts_yn |zipcode |road_address |jibun_address |namuji_address |etc         |active_yn |inactive_at |join_at    |
|----------|-------------------------------------------------------------|----------------------|-----------------------------------------|----------|----|-----------|------------|----------|--------------------|------------|--------|-------------|--------------|---------------|------------|----------|------------|-----------|
|tkdgml    |$2a$10$y0rOc6AeLnzgoWcUV0L/p.tbw..FlkwTig8Yzm6CEFUxXHcBCJW9i |test8.jpg             |ed7ad617-862c-46bc-9f8f-8fbe2ea86c30.jpg |랑히        |w   |2024-03-05 |01012345678 |y         |fulfilnam@naver.com |y           |14346   |1            |1             |1              |<p>12</p>
 |y         |null        |2024-03-06 |
|----------|-------------------------------------------------------------|----------------------|-----------------------------------------|----------|----|-----------|------------|----------|--------------------|------------|--------|-------------|--------------|---------------|------------|----------|------------|-----------|

2024-03-11 17:50:06.169 [http-nio-8080-exec-1] INFO 
				jdbc.resultsettable - 
|----------|-------------------------------------------------------------|----------------------|-----------------------------------------|----------|----|-----------|------------|----------|--------------------|------------|--------|-------------|--------------|---------------|-----------------|----------|------------|-----------|
|member_id |passwd                                                       |profile_original_name |profile_uuid                             |member_nm |sex |birth_at   |hp          |smssts_yn |email               |emailsts_yn |zipcode |road_address |jibun_address |namuji_address |etc              |active_yn |inactive_at |join_at    |
|----------|-------------------------------------------------------------|----------------------|-----------------------------------------|----------|----|-----------|------------|----------|--------------------|------------|--------|-------------|--------------|---------------|-----------------|----------|------------|-----------|
|tkdgml    |$2a$10$y0rOc6AeLnzgoWcUV0L/p.tbw..FlkwTig8Yzm6CEFUxXHcBCJW9i |test8.jpg             |ed7ad617-862c-46bc-9f8f-8fbe2ea86c30.jpg |랑히        |w   |2024-03-05 |01012345678 |y         |fulfilnam@naver.com |y           |14346   |1            |1             |1              |<p>12ㅂㅂㅂㅂㅂ</p>
 |y         |null        |2024-03-06 |
|----------|-------------------------------------------------------------|----------------------|-----------------------------------------|----------|----|-----------|------------|----------|--------------------|------------|--------|-------------|--------------|---------------|-----------------|----------|------------|-----------|

